<?xml version="1.0" encoding="UTF-8"?>
<!-- Generated by org.testng.reporters.JUnitReportReporter -->
<testsuite skipped="0" hostname="Anjeshs-MacBook-Air.local" name="com.challange.Challange1" tests="1" failures="0" timestamp="2019-09-13T00:26:53 IST" time="80.134" errors="0">
  <testcase name="addBestSellerHeadphonesToCart" time="80.134" classname="com.challange.Challange1"/>
</testsuite> <!-- com.challange.Challange1 -->
