<?xml version="1.0" encoding="UTF-8"?>
<!-- Generated by org.testng.reporters.JUnitReportReporter -->
<testsuite skipped="0" hostname="Anjeshs-MacBook-Air.local" name="com.challange.test.HomePageTest" tests="2" failures="0" timestamp="2019-09-15T00:03:41 IST" time="17.000" errors="0">
  <testcase name="verifyHomePageTitle" time="0.030" classname="com.challange.test.HomePageTest"/>
  <testcase name="addBestSellerHeadphonesToCart" time="16.970" classname="com.challange.test.HomePageTest"/>
</testsuite> <!-- com.challange.test.HomePageTest -->
